<?xml version="1.0" encoding="UTF-8"?>
<testsuite xmlns:xsi="http://www.w3.org/2001/XMLSchema-instance" xsi:noNamespaceSchemaLocation="https://maven.apache.org/surefire/maven-surefire-plugin/xsd/surefire-test-report-3.0.xsd" version="3.0" name="com.example.AIGen.AiGenApplicationTests" time="6.455" tests="1" errors="0" skipped="0" failures="0">
  <properties>
[...]
</properties>
  <testcase name="contextLoads" classname="com.example.AIGen.AiGenApplicationTests" time="0.808">
    <system-out><![CDATA[Standard Commons Logging discovery in action with spring-jcl: please remove commons-logging.jar from classpath in order to avoid potential conflicts
00:39:54.113 [main] INFO org.springframework.test.context.support.AnnotationConfigContextLoaderUtils -- Could not detect default configuration classes for test class [com.example.AIGen.AiGenApplicationTests]: AiGenApplicationTests does not declare any static, non-private, non-final, nested classes annotated with @Configuration.
00:39:54.227 [main] INFO org.springframework.boot.test.context.SpringBootTestContextBootstrapper -- Found @SpringBootConfiguration com.example.AIGen.AiGenApplication for test class com.example.AIGen.AiGenApplicationTests
00:39:54.364 [main] INFO org.springframework.boot.devtools.restart.RestartApplicationListener -- Restart disabled due to context in which it is running

  .   ____          _            __ _ _
 /\\ / ___'_ __ _ _(_)_ __  __ _ \ \ \ \
( ( )\___ | '_ | '_| | '_ \/ _` | \ \ \ \
 \\/  ___)| |_)| | | | | || (_| |  ) ) ) )
  '  |____| .__|_| |_|_| |_\__, | / / / /
 =========|_|==============|___/=/_/_/_/
 :: Spring Boot ::                (v3.2.6)

2025-03-12T00:39:54.629+01:00  WARN 44009 --- [AIGen] [           main] ory$DuplicateJsonObjectContextCustomizer : 

Found multiple occurrences of org.json.JSONObject on the class path:

	jar:file:/Users/ferdaous/.m2/repository/org/json/json/20210307/json-20210307.jar!/org/json/JSONObject.class
	jar:file:/Users/ferdaous/.m2/repository/com/vaadin/external/google/android-json/0.0.20131108.vaadin1/android-json-0.0.20131108.vaadin1.jar!/org/json/JSONObject.class

You may wish to exclude one of them to ensure predictable runtime behavior

2025-03-12T00:39:54.646+01:00  INFO 44009 --- [AIGen] [           main] c.example.AIGen.AiGenApplicationTests    : Starting AiGenApplicationTests using Java 17.0.12 with PID 44009 (started by ferdaous in /Users/ferdaous/Desktop/Dev/Jems-Dev/JEMS AO/jemsao-backend)
2025-03-12T00:39:54.647+01:00  INFO 44009 --- [AIGen] [           main] c.example.AIGen.AiGenApplicationTests    : No active profile set, falling back to 1 default profile: "default"
2025-03-12T00:39:55.547+01:00  INFO 44009 --- [AIGen] [           main] .s.d.r.c.RepositoryConfigurationDelegate : Multiple Spring Data modules found, entering strict repository configuration mode
2025-03-12T00:39:55.549+01:00  INFO 44009 --- [AIGen] [           main] .s.d.r.c.RepositoryConfigurationDelegate : Bootstrapping Spring Data MongoDB repositories in DEFAULT mode.
2025-03-12T00:39:55.708+01:00  INFO 44009 --- [AIGen] [           main] .s.d.r.c.RepositoryConfigurationDelegate : Finished Spring Data repository scanning in 154 ms. Found 9 MongoDB repository interfaces.
2025-03-12T00:39:56.351+01:00  INFO 44009 --- [AIGen] [           main] org.mongodb.driver.client                : MongoClient with metadata {"driver": {"name": "mongo-java-driver|sync|spring-boot", "version": "4.11.2"}, "os": {"type": "Darwin", "name": "Mac OS X", "architecture": "x86_64", "version": "15.3.1"}, "platform": "Java/Oracle Corporation/17.0.12+8-LTS-286"} created with settings MongoClientSettings{readPreference=primary, writeConcern=WriteConcern{w=null, wTimeout=null ms, journal=null}, retryWrites=true, retryReads=true, readConcern=ReadConcern{level=null}, credential=null, transportSettings=null, streamFactoryFactory=null, commandListeners=[], codecRegistry=ProvidersCodecRegistry{codecProviders=[ValueCodecProvider{}, BsonValueCodecProvider{}, DBRefCodecProvider{}, DBObjectCodecProvider{}, DocumentCodecProvider{}, CollectionCodecProvider{}, IterableCodecProvider{}, MapCodecProvider{}, GeoJsonCodecProvider{}, GridFSFileCodecProvider{}, Jsr310CodecProvider{}, JsonObjectCodecProvider{}, BsonCodecProvider{}, EnumCodecProvider{}, com.mongodb.client.model.mql.ExpressionCodecProvider@212fafd1, com.mongodb.Jep395RecordCodecProvider@448462f0, com.mongodb.KotlinCodecProvider@787988f4]}, loggerSettings=LoggerSettings{maxDocumentLength=1000}, clusterSettings={hosts=[192.168.60.129:27017], srvServiceName=mongodb, mode=SINGLE, requiredClusterType=UNKNOWN, requiredReplicaSetName='null', serverSelector='null', clusterListeners='[]', serverSelectionTimeout='30000 ms', localThreshold='15 ms'}, socketSettings=SocketSettings{connectTimeoutMS=10000, readTimeoutMS=0, receiveBufferSize=0, proxySettings=ProxySettings{host=null, port=null, username=null, password=null}}, heartbeatSocketSettings=SocketSettings{connectTimeoutMS=10000, readTimeoutMS=10000, receiveBufferSize=0, proxySettings=ProxySettings{host=null, port=null, username=null, password=null}}, connectionPoolSettings=ConnectionPoolSettings{maxSize=100, minSize=0, maxWaitTimeMS=120000, maxConnectionLifeTimeMS=0, maxConnectionIdleTimeMS=0, maintenanceInitialDelayMS=0, maintenanceFrequencyMS=60000, connectionPoolListeners=[], maxConnecting=2}, serverSettings=ServerSettings{heartbeatFrequencyMS=10000, minHeartbeatFrequencyMS=500, serverListeners='[]', serverMonitorListeners='[]'}, sslSettings=SslSettings{enabled=false, invalidHostNameAllowed=false, context=null}, applicationName='null', compressorList=[], uuidRepresentation=JAVA_LEGACY, serverApi=null, autoEncryptionSettings=null, dnsClient=null, inetAddressResolver=null, contextProvider=null}
2025-03-12T00:39:56.921+01:00 DEBUG 44009 --- [AIGen] [           main] i.n.u.i.logging.InternalLoggerFactory    : Using SLF4J as the default logging framework
2025-03-12T00:39:56.924+01:00 DEBUG 44009 --- [AIGen] [           main] i.n.util.internal.PlatformDependent0     : -Dio.netty.noUnsafe: false
2025-03-12T00:39:56.924+01:00 DEBUG 44009 --- [AIGen] [           main] i.n.util.internal.PlatformDependent0     : Java version: 17
2025-03-12T00:39:56.925+01:00 DEBUG 44009 --- [AIGen] [           main] i.n.util.internal.PlatformDependent0     : sun.misc.Unsafe.theUnsafe: available
2025-03-12T00:39:56.926+01:00 DEBUG 44009 --- [AIGen] [           main] i.n.util.internal.PlatformDependent0     : sun.misc.Unsafe.copyMemory: available
2025-03-12T00:39:56.926+01:00 DEBUG 44009 --- [AIGen] [           main] i.n.util.internal.PlatformDependent0     : sun.misc.Unsafe.storeFence: available
2025-03-12T00:39:56.927+01:00 DEBUG 44009 --- [AIGen] [           main] i.n.util.internal.PlatformDependent0     : java.nio.Buffer.address: available
2025-03-12T00:39:56.927+01:00 DEBUG 44009 --- [AIGen] [           main] i.n.util.internal.PlatformDependent0     : direct buffer constructor: unavailable: Reflective setAccessible(true) disabled
2025-03-12T00:39:56.928+01:00 DEBUG 44009 --- [AIGen] [           main] i.n.util.internal.PlatformDependent0     : java.nio.Bits.unaligned: available, true
2025-03-12T00:39:56.929+01:00 DEBUG 44009 --- [AIGen] [           main] i.n.util.internal.PlatformDependent0     : jdk.internal.misc.Unsafe.allocateUninitializedArray(int): unavailable: class io.netty.util.internal.PlatformDependent0$7 cannot access class jdk.internal.misc.Unsafe (in module java.base) because module java.base does not export jdk.internal.misc to unnamed module @245a618e
2025-03-12T00:39:56.931+01:00 DEBUG 44009 --- [AIGen] [           main] i.n.util.internal.PlatformDependent0     : java.nio.DirectByteBuffer.<init>(long, {int,long}): unavailable
2025-03-12T00:39:56.931+01:00 DEBUG 44009 --- [AIGen] [           main] i.netty.util.internal.PlatformDependent  : sun.misc.Unsafe: available
2025-03-12T00:39:56.932+01:00 DEBUG 44009 --- [AIGen] [           main] i.netty.util.internal.PlatformDependent  : -Dio.netty.tmpdir: /var/folders/ck/0mt3mxx544v_g64mlql26rzc0000gn/T (java.io.tmpdir)
2025-03-12T00:39:56.932+01:00 DEBUG 44009 --- [AIGen] [           main] i.netty.util.internal.PlatformDependent  : -Dio.netty.bitMode: 64 (sun.arch.data.model)
2025-03-12T00:39:56.932+01:00 DEBUG 44009 --- [AIGen] [           main] i.netty.util.internal.PlatformDependent  : Platform: MacOS
2025-03-12T00:39:56.933+01:00 DEBUG 44009 --- [AIGen] [           main] i.netty.util.internal.PlatformDependent  : -Dio.netty.maxDirectMemory: -1 bytes
2025-03-12T00:39:56.933+01:00 DEBUG 44009 --- [AIGen] [           main] i.netty.util.internal.PlatformDependent  : -Dio.netty.uninitializedArrayAllocationThreshold: -1
2025-03-12T00:39:56.934+01:00 DEBUG 44009 --- [AIGen] [           main] io.netty.util.internal.CleanerJava9      : java.nio.ByteBuffer.cleaner(): available
2025-03-12T00:39:56.934+01:00 DEBUG 44009 --- [AIGen] [           main] i.netty.util.internal.PlatformDependent  : -Dio.netty.noPreferDirect: false
2025-03-12T00:39:56.966+01:00 DEBUG 44009 --- [AIGen] [           main] i.n.u.internal.InternalThreadLocalMap    : -Dio.netty.threadLocalMap.stringBuilder.initialSize: 1024
2025-03-12T00:39:56.967+01:00 DEBUG 44009 --- [AIGen] [           main] i.n.u.internal.InternalThreadLocalMap    : -Dio.netty.threadLocalMap.stringBuilder.maxSize: 4096
2025-03-12T00:39:57.004+01:00 DEBUG 44009 --- [AIGen] [           main] io.netty.util.ResourceLeakDetector       : -Dio.netty.leakDetection.level: simple
2025-03-12T00:39:57.004+01:00 DEBUG 44009 --- [AIGen] [           main] io.netty.util.ResourceLeakDetector       : -Dio.netty.leakDetection.targetRecords: 4
2025-03-12T00:39:57.034+01:00 DEBUG 44009 --- [AIGen] [           main] i.n.channel.MultithreadEventLoopGroup    : -Dio.netty.eventLoopThreads: 32
2025-03-12T00:39:57.044+01:00 DEBUG 44009 --- [AIGen] [           main] i.n.util.concurrent.GlobalEventExecutor  : -Dio.netty.globalEventExecutor.quietPeriodSeconds: 1
2025-03-12T00:39:57.052+01:00 DEBUG 44009 --- [AIGen] [           main] io.netty.channel.nio.NioEventLoop        : -Dio.netty.noKeySetOptimization: false
2025-03-12T00:39:57.052+01:00 DEBUG 44009 --- [AIGen] [           main] io.netty.channel.nio.NioEventLoop        : -Dio.netty.selectorAutoRebuildThreshold: 512
2025-03-12T00:39:57.057+01:00 DEBUG 44009 --- [AIGen] [           main] i.netty.util.internal.PlatformDependent  : org.jctools-core.MpscChunkedArrayQueue: available
2025-03-12T00:39:57.075+01:00 DEBUG 44009 --- [AIGen] [           main] io.netty.util.NetUtil                    : -Djava.net.preferIPv4Stack: false
2025-03-12T00:39:57.076+01:00 DEBUG 44009 --- [AIGen] [           main] io.netty.util.NetUtil                    : -Djava.net.preferIPv6Addresses: false
2025-03-12T00:39:57.085+01:00 DEBUG 44009 --- [AIGen] [           main] io.netty.util.NetUtilInitializations     : Loopback interface: lo0 (lo0, 0:0:0:0:0:0:0:1%lo0)
2025-03-12T00:39:57.086+01:00 DEBUG 44009 --- [AIGen] [           main] io.netty.util.NetUtil                    : Failed to get SOMAXCONN from sysctl and file /proc/sys/net/core/somaxconn. Default: 128
2025-03-12T00:39:57.086+01:00 DEBUG 44009 --- [AIGen] [           main] io.netty.resolver.dns.DnsNameResolver    : Default ResolvedAddressTypes: IPV4_ONLY
2025-03-12T00:39:57.087+01:00 DEBUG 44009 --- [AIGen] [           main] io.netty.resolver.dns.DnsNameResolver    : Localhost address: localhost/127.0.0.1
2025-03-12T00:39:57.087+01:00 DEBUG 44009 --- [AIGen] [           main] io.netty.resolver.dns.DnsNameResolver    : Windows hostname: null
2025-03-12T00:39:57.089+01:00 DEBUG 44009 --- [AIGen] [           main] io.netty.resolver.dns.DnsNameResolver    : Default search domains: []
2025-03-12T00:39:57.090+01:00 DEBUG 44009 --- [AIGen] [           main] io.netty.resolver.dns.DnsNameResolver    : Default UnixResolverOptions{ndots=1, timeout=5, attempts=16}
2025-03-12T00:39:57.094+01:00 DEBUG 44009 --- [AIGen] [           main] i.n.r.DefaultHostsFileEntriesResolver    : -Dio.netty.hostsFileRefreshInterval: 0
2025-03-12T00:39:57.100+01:00 DEBUG 44009 --- [AIGen] [           main] i.n.util.internal.NativeLibraryLoader    : -Dio.netty.native.workdir: /var/folders/ck/0mt3mxx544v_g64mlql26rzc0000gn/T (io.netty.tmpdir)
2025-03-12T00:39:57.100+01:00 DEBUG 44009 --- [AIGen] [           main] i.n.util.internal.NativeLibraryLoader    : -Dio.netty.native.deleteLibAfterLoading: true
2025-03-12T00:39:57.100+01:00 DEBUG 44009 --- [AIGen] [           main] i.n.util.internal.NativeLibraryLoader    : -Dio.netty.native.tryPatchShadedId: true
2025-03-12T00:39:57.100+01:00 DEBUG 44009 --- [AIGen] [           main] i.n.util.internal.NativeLibraryLoader    : -Dio.netty.native.detectNativeLibraryDuplicates: true
2025-03-12T00:39:57.467+01:00 DEBUG 44009 --- [AIGen] [           main] i.n.util.internal.NativeLibraryLoader    : Successfully loaded the library /var/folders/ck/0mt3mxx544v_g64mlql26rzc0000gn/T/libnetty_resolver_dns_native_macos_x86_646181358485816275619.dylib
2025-03-12T00:39:57.470+01:00 DEBUG 44009 --- [AIGen] [           main] i.n.r.d.DnsServerAddressStreamProviders  : io.netty.resolver.dns.macos.MacOSDnsServerAddressStreamProvider: available
2025-03-12T00:39:59.115+01:00  INFO 44009 --- [AIGen] [           main] o.s.s.web.DefaultSecurityFilterChain     : Will secure any request with [org.springframework.security.web.session.DisableEncodeUrlFilter@44dcc0e4, org.springframework.security.web.context.request.async.WebAsyncManagerIntegrationFilter@2114eb1a, org.springframework.security.web.context.SecurityContextHolderFilter@2c8f65da, org.springframework.security.web.header.HeaderWriterFilter@4a49919c, org.springframework.web.filter.CorsFilter@7e514482, org.springframework.security.web.authentication.logout.LogoutFilter@21022cbb, com.example.AIGen.security.jwt.AuthTokenFilter@3ba96967, org.springframework.security.web.savedrequest.RequestCacheAwareFilter@1f0f92f5, org.springframework.security.web.servletapi.SecurityContextHolderAwareRequestFilter@7430ed93, org.springframework.security.web.authentication.AnonymousAuthenticationFilter@1e5e3147, org.springframework.security.web.session.SessionManagementFilter@68b3979d, org.springframework.security.web.access.ExceptionTranslationFilter@68a94e58, org.springframework.security.web.access.intercept.AuthorizationFilter@331ad6eb]
2025-03-12T00:39:59.523+01:00  WARN 44009 --- [AIGen] [           main] ion$DefaultTemplateResolverConfiguration : Cannot find template location: classpath:/templates/ (please add some templates, check your Thymeleaf configuration, or set spring.thymeleaf.check-template-location=false)
2025-03-12T00:39:59.576+01:00  INFO 44009 --- [AIGen] [           main] c.example.AIGen.AiGenApplicationTests    : Started AiGenApplicationTests in 5.221 seconds (process running for 6.112)
]]></system-out>
  </testcase>
</testsuite>